TN:
SF:server/config/constants.js
FNF:0
FNH:0
DA:5,1
DA:13,1
DA:28,1
DA:46,1
DA:53,1
DA:60,1
DA:70,1
LF:7
LH:7
BRF:0
BRH:0
end_of_record
TN:
SF:server/services/auth.service.js
FN:12,(anonymous_0)
FN:17,(anonymous_1)
FN:41,(anonymous_2)
FN:69,(anonymous_3)
FN:85,(anonymous_4)
FN:94,(anonymous_5)
FN:105,(anonymous_6)
FN:109,(anonymous_7)
FN:119,(anonymous_8)
FN:131,(anonymous_9)
FNF:10
FNH:7
FNDA:1,(anonymous_0)
FNDA:1,(anonymous_1)
FNDA:2,(anonymous_2)
FNDA:0,(anonymous_3)
FNDA:1,(anonymous_4)
FNDA:2,(anonymous_5)
FNDA:0,(anonymous_6)
FNDA:1,(anonymous_7)
FNDA:2,(anonymous_8)
FNDA:0,(anonymous_9)
DA:9,1
DA:13,1
DA:14,1
DA:18,1
DA:19,1
DA:20,1
DA:21,1
DA:23,1
DA:24,0
DA:25,0
DA:28,1
DA:34,1
DA:36,0
DA:37,0
DA:42,2
DA:43,2
DA:44,2
DA:45,2
DA:48,0
DA:53,0
DA:54,0
DA:55,0
DA:56,0
DA:57,0
DA:60,0
DA:61,0
DA:62,0
DA:64,0
DA:65,0
DA:70,0
DA:72,0
DA:75,0
DA:76,0
DA:78,0
DA:80,0
DA:81,0
DA:86,1
DA:95,2
DA:96,2
DA:97,1
DA:98,1
DA:100,1
DA:101,1
DA:106,0
DA:110,1
DA:111,1
DA:112,1
DA:114,0
DA:115,0
DA:120,2
DA:121,2
DA:122,1
DA:123,1
DA:126,0
DA:127,0
DA:132,0
DA:136,1
LF:57
LH:29
BRDA:21,0,0,1
BRDA:21,0,1,0
BRDA:23,1,0,0
BRDA:23,1,1,1
BRDA:23,2,0,1
BRDA:23,2,1,1
BRDA:43,3,0,2
BRDA:43,3,1,0
BRDA:54,4,0,0
BRDA:54,4,1,0
BRDA:85,5,0,0
BRDA:85,6,0,0
BRDA:121,7,0,1
BRDA:121,7,1,1
BRF:14
BRH:7
end_of_record
TN:
SF:server/services/logger.service.js
FNF:0
FNH:0
DA:6,3
DA:7,3
DA:8,0
DA:11,3
DA:40,3
DA:41,3
LF:6
LH:5
BRDA:7,0,0,0
BRDA:7,0,1,3
BRDA:40,1,0,3
BRDA:40,1,1,0
BRF:4
BRH:2
end_of_record
TN:
SF:server/services/sync.service.js
FN:9,(anonymous_0)
FN:16,(anonymous_1)
FN:35,(anonymous_2)
FN:109,(anonymous_3)
FN:117,(anonymous_4)
FN:139,(anonymous_5)
FN:147,(anonymous_6)
FN:157,(anonymous_7)
FN:167,(anonymous_8)
FN:179,(anonymous_9)
FN:183,(anonymous_10)
FNF:11
FNH:3
FNDA:1,(anonymous_0)
FNDA:2,(anonymous_1)
FNDA:5,(anonymous_2)
FNDA:0,(anonymous_3)
FNDA:0,(anonymous_4)
FNDA:0,(anonymous_5)
FNDA:0,(anonymous_6)
FNDA:0,(anonymous_7)
FNDA:0,(anonymous_8)
FNDA:0,(anonymous_9)
FNDA:0,(anonymous_10)
DA:10,1
DA:11,1
DA:12,1
DA:13,1
DA:17,2
DA:18,2
DA:30,0
DA:31,0
DA:36,5
DA:37,1
DA:40,4
DA:41,4
DA:42,4
DA:43,4
DA:46,0
DA:47,0
DA:50,0
DA:56,0
DA:57,0
DA:61,0
DA:65,0
DA:66,0
DA:68,0
DA:74,0
DA:77,0
DA:84,0
DA:85,0
DA:89,0
DA:90,0
DA:95,0
DA:97,4
DA:98,4
DA:103,4
DA:105,4
DA:110,0
DA:111,0
DA:115,0
DA:116,0
DA:117,0
DA:120,0
DA:121,0
DA:122,0
DA:123,0
DA:124,0
DA:125,0
DA:127,0
DA:132,0
DA:134,0
DA:135,0
DA:140,0
DA:141,0
DA:142,0
DA:143,0
DA:144,0
DA:148,0
DA:149,0
DA:151,0
DA:158,0
DA:159,0
DA:161,0
DA:168,0
DA:169,0
DA:171,0
DA:172,0
DA:176,0
DA:180,0
DA:184,0
DA:188,1
LF:68
LH:17
BRDA:20,0,0,1
BRDA:20,0,1,1
BRDA:36,1,0,1
BRDA:36,1,1,4
BRDA:56,2,0,0
BRDA:56,2,1,0
BRDA:84,3,0,0
BRDA:84,3,1,0
BRDA:121,4,0,0
BRDA:121,4,1,0
BRDA:148,5,0,0
BRDA:148,5,1,0
BRDA:158,6,0,0
BRDA:158,6,1,0
BRDA:168,7,0,0
BRDA:168,7,1,0
BRF:16
BRH:4
end_of_record
TN:
SF:server/services/websocket.service.js
FN:5,(anonymous_0)
FN:17,(anonymous_1)
FN:21,(anonymous_2)
FN:29,(anonymous_3)
FN:38,(anonymous_4)
FN:42,(anonymous_5)
FN:48,(anonymous_6)
FN:54,(anonymous_7)
FN:55,(anonymous_8)
FN:61,(anonymous_9)
FN:65,(anonymous_10)
FN:72,(anonymous_11)
FN:82,(anonymous_12)
FN:90,(anonymous_13)
FN:101,(anonymous_14)
FN:106,(anonymous_15)
FN:118,(anonymous_16)
FN:123,(anonymous_17)
FNF:18
FNH:10
FNDA:1,(anonymous_0)
FNDA:6,(anonymous_1)
FNDA:0,(anonymous_2)
FNDA:6,(anonymous_3)
FNDA:0,(anonymous_4)
FNDA:0,(anonymous_5)
FNDA:0,(anonymous_6)
FNDA:0,(anonymous_7)
FNDA:0,(anonymous_8)
FNDA:0,(anonymous_9)
FNDA:0,(anonymous_10)
FNDA:10,(anonymous_11)
FNDA:2,(anonymous_12)
FNDA:5,(anonymous_13)
FNDA:4,(anonymous_14)
FNDA:1,(anonymous_15)
FNDA:1,(anonymous_16)
FNDA:1,(anonymous_17)
DA:6,1
DA:7,1
DA:18,6
DA:23,0
DA:24,0
DA:25,0
DA:29,6
DA:30,6
DA:33,6
DA:38,6
DA:39,0
DA:42,6
DA:43,0
DA:47,6
DA:48,6
DA:49,0
DA:54,6
DA:55,0
DA:56,0
DA:57,0
DA:58,0
DA:60,0
DA:61,0
DA:65,6
DA:66,0
DA:69,6
DA:73,10
DA:74,10
DA:75,10
DA:77,0
DA:83,2
DA:87,2
DA:91,5
DA:92,1
DA:93,1
DA:96,4
DA:101,4
DA:102,4
DA:107,1
DA:115,1
DA:119,1
DA:120,1
DA:122,1
DA:123,1
DA:124,1
DA:130,1
LF:46
LH:32
BRDA:23,0,0,0
BRDA:23,0,1,0
BRDA:56,1,0,0
BRDA:56,1,1,0
BRDA:73,2,0,10
BRDA:73,2,1,0
BRDA:91,3,0,1
BRDA:91,3,1,4
BRDA:119,4,0,1
BRDA:119,4,1,0
BRDA:122,5,0,1
BRDA:122,5,1,0
BRF:12
BRH:5
end_of_record
